-------------------------------------------------------------------------------
Test set: com.Grupo6.ReclutamientoEmpleados.ReclutamientoEmpleadosApplicationTests
-------------------------------------------------------------------------------
Tests run: 1, Failures: 0, Errors: 1, Skipped: 0, Time elapsed: 10.549 s <<< FAILURE! - in com.Grupo6.ReclutamientoEmpleados.ReclutamientoEmpleadosApplicationTests
contextLoads  Time elapsed: 0 s  <<< ERROR!
java.lang.IllegalStateException: Failed to load ApplicationContext
Caused by: org.springframework.beans.factory.UnsatisfiedDependencyException: Error creating bean with name 'empleadorControlador': Unsatisfied dependency expressed through field 'empleadorServicio'; nested exception is org.springframework.beans.factory.UnsatisfiedDependencyException: Error creating bean with name 'empleadorServicio': Unsatisfied dependency expressed through field 'empleador'; nested exception is org.springframework.beans.factory.NoSuchBeanDefinitionException: No qualifying bean of type 'com.Grupo6.ReclutamientoEmpleados.Entidades.Empleador' available: expected at least 1 bean which qualifies as autowire candidate. Dependency annotations: {@org.springframework.beans.factory.annotation.Autowired(required=true)}
Caused by: org.springframework.beans.factory.UnsatisfiedDependencyException: Error creating bean with name 'empleadorServicio': Unsatisfied dependency expressed through field 'empleador'; nested exception is org.springframework.beans.factory.NoSuchBeanDefinitionException: No qualifying bean of type 'com.Grupo6.ReclutamientoEmpleados.Entidades.Empleador' available: expected at least 1 bean which qualifies as autowire candidate. Dependency annotations: {@org.springframework.beans.factory.annotation.Autowired(required=true)}
Caused by: org.springframework.beans.factory.NoSuchBeanDefinitionException: No qualifying bean of type 'com.Grupo6.ReclutamientoEmpleados.Entidades.Empleador' available: expected at least 1 bean which qualifies as autowire candidate. Dependency annotations: {@org.springframework.beans.factory.annotation.Autowired(required=true)}

